<?xml version="1.0" encoding="UTF-8"?>
<!-- Generated by org.testng.reporters.JUnitXMLReporter -->
<testsuite hostname="Com-18-1208-W10" ignored="0" name="Test1" tests="1" failures="0" timestamp="2019-12-18T16:11:26 ICT" time="0.141" errors="0">
  <testcase name="@BeforeClass beforeClass" time="0.109" classname="testNG.defaultabc">
    <failure type="java.lang.NullPointerException">
      <![CDATA[java.lang.NullPointerException
at test.utils.BrowserHelper.openAdministrator(BrowserHelper.java:61)
at testNG.defaultabc.beforeClass(defaultabc.java:18)
at java.util.ArrayList.forEach(ArrayList.java:1257)
... Removed 25 stack frames]]>
    </failure>
  </testcase> <!-- @BeforeClass beforeClass -->
  <testcase name="@AfterClass afterClass" time="-1.576660286225E9" classname="testNG.defaultabc">
    <skipped/>
  </testcase> <!-- @AfterClass afterClass -->
  <testcase name="f" time="0.0" classname="testNG.TC03">
    <skipped/>
  </testcase> <!-- f -->
</testsuite> <!-- Test1 -->
