<?xml version="1.0" encoding="UTF-8"?>
<testng-results skipped="0" failed="0" ignored="0" total="0" passed="0">
  <reporter-output>
  </reporter-output>
  <suite name="testNG.TestHelper" duration-ms="11" started-at="2020-06-12T19:56:27 ICT" finished-at="2020-06-12T19:56:27 ICT">
    <groups>
    </groups>
    <test name="Command line test" duration-ms="11" started-at="2020-06-12T19:56:27 ICT" finished-at="2020-06-12T19:56:27 ICT">
    </test> <!-- Command line test -->
  </suite> <!-- testNG.TestHelper -->
</testng-results>
