<?xml version="1.0" encoding="UTF-8"?>
<testng-results skipped="0" failed="0" ignored="0" total="1" passed="1">
  <reporter-output>
  </reporter-output>
  <suite name="Default suite" duration-ms="18402" started-at="2020-06-12T23:46:28 ICT" finished-at="2020-06-12T23:46:46 ICT">
    <groups>
    </groups>
    <test name="Default test" duration-ms="18402" started-at="2020-06-12T23:46:28 ICT" finished-at="2020-06-12T23:46:46 ICT">
      <class name="testNG.FB_Login">
        <test-method status="PASS" signature="beforeClass()[pri:0, instance:testNG.FB_Login@4bbfb90a]" name="beforeClass" is-config="true" duration-ms="9638" started-at="2020-06-12T23:46:28 ICT" finished-at="2020-06-12T23:46:38 ICT">
          <reporter-output>
          </reporter-output>
        </test-method> <!-- beforeClass -->
        <test-method status="PASS" signature="beforeMethod()[pri:0, instance:testNG.FB_Login@4bbfb90a]" name="beforeMethod" is-config="true" duration-ms="5960" started-at="2020-06-12T23:46:38 ICT" finished-at="2020-06-12T23:46:44 ICT">
          <reporter-output>
          </reporter-output>
        </test-method> <!-- beforeMethod -->
        <test-method status="PASS" signature="f()[pri:0, instance:testNG.FB_Login@4bbfb90a]" name="f" duration-ms="11" started-at="2020-06-12T23:46:44 ICT" description="FB Login" finished-at="2020-06-12T23:46:44 ICT">
          <reporter-output>
          </reporter-output>
        </test-method> <!-- f -->
        <test-method status="PASS" signature="AfterMethod()[pri:0, instance:testNG.FB_Login@4bbfb90a]" name="AfterMethod" is-config="true" duration-ms="0" started-at="2020-06-12T23:46:44 ICT" finished-at="2020-06-12T23:46:44 ICT">
          <reporter-output>
          </reporter-output>
        </test-method> <!-- AfterMethod -->
        <test-method status="PASS" signature="afterClass()[pri:0, instance:testNG.FB_Login@4bbfb90a]" name="afterClass" is-config="true" duration-ms="2724" started-at="2020-06-12T23:46:44 ICT" finished-at="2020-06-12T23:46:46 ICT">
          <reporter-output>
          </reporter-output>
        </test-method> <!-- afterClass -->
      </class> <!-- testNG.FB_Login -->
    </test> <!-- Default test -->
  </suite> <!-- Default suite -->
</testng-results>
